2023-02-20T09:51:34,630 [INFO ] W-9003-helmet_detection_0.1-stdout MODEL_LOG - Listening on port: /var/folders/cm/pzskfkq17lq6vp0d73nrg1dw0000gq/T//.ts.sock.9003
2023-02-20T09:51:34,630 [INFO ] W-9001-helmet_detection_0.1-stdout MODEL_LOG - Listening on port: /var/folders/cm/pzskfkq17lq6vp0d73nrg1dw0000gq/T//.ts.sock.9001
2023-02-20T09:51:34,630 [INFO ] W-9014-helmet_detection_0.1-stdout MODEL_LOG - Listening on port: /var/folders/cm/pzskfkq17lq6vp0d73nrg1dw0000gq/T//.ts.sock.9014
2023-02-20T09:51:34,630 [INFO ] W-9007-helmet_detection_0.1-stdout MODEL_LOG - Listening on port: /var/folders/cm/pzskfkq17lq6vp0d73nrg1dw0000gq/T//.ts.sock.9007
2023-02-20T09:51:34,630 [INFO ] W-9009-helmet_detection_0.1-stdout MODEL_LOG - Listening on port: /var/folders/cm/pzskfkq17lq6vp0d73nrg1dw0000gq/T//.ts.sock.9009
2023-02-20T09:51:34,631 [INFO ] W-9010-helmet_detection_0.1-stdout MODEL_LOG - Listening on port: /var/folders/cm/pzskfkq17lq6vp0d73nrg1dw0000gq/T//.ts.sock.9010
2023-02-20T09:51:34,630 [INFO ] W-9005-helmet_detection_0.1-stdout MODEL_LOG - Listening on port: /var/folders/cm/pzskfkq17lq6vp0d73nrg1dw0000gq/T//.ts.sock.9005
2023-02-20T09:51:34,630 [INFO ] W-9013-helmet_detection_0.1-stdout MODEL_LOG - Listening on port: /var/folders/cm/pzskfkq17lq6vp0d73nrg1dw0000gq/T//.ts.sock.9013
2023-02-20T09:51:34,630 [INFO ] W-9000-helmet_detection_0.1-stdout MODEL_LOG - Listening on port: /var/folders/cm/pzskfkq17lq6vp0d73nrg1dw0000gq/T//.ts.sock.9000
2023-02-20T09:51:34,630 [INFO ] W-9008-helmet_detection_0.1-stdout MODEL_LOG - Listening on port: /var/folders/cm/pzskfkq17lq6vp0d73nrg1dw0000gq/T//.ts.sock.9008
2023-02-20T09:51:34,631 [INFO ] W-9012-helmet_detection_0.1-stdout MODEL_LOG - Listening on port: /var/folders/cm/pzskfkq17lq6vp0d73nrg1dw0000gq/T//.ts.sock.9012
2023-02-20T09:51:34,630 [INFO ] W-9006-helmet_detection_0.1-stdout MODEL_LOG - Listening on port: /var/folders/cm/pzskfkq17lq6vp0d73nrg1dw0000gq/T//.ts.sock.9006
2023-02-20T09:51:34,630 [INFO ] W-9002-helmet_detection_0.1-stdout MODEL_LOG - Listening on port: /var/folders/cm/pzskfkq17lq6vp0d73nrg1dw0000gq/T//.ts.sock.9002
2023-02-20T09:51:34,630 [INFO ] W-9004-helmet_detection_0.1-stdout MODEL_LOG - Listening on port: /var/folders/cm/pzskfkq17lq6vp0d73nrg1dw0000gq/T//.ts.sock.9004
2023-02-20T09:51:34,631 [INFO ] W-9015-helmet_detection_0.1-stdout MODEL_LOG - Listening on port: /var/folders/cm/pzskfkq17lq6vp0d73nrg1dw0000gq/T//.ts.sock.9015
2023-02-20T09:51:34,634 [INFO ] W-9011-helmet_detection_0.1-stdout MODEL_LOG - Listening on port: /var/folders/cm/pzskfkq17lq6vp0d73nrg1dw0000gq/T//.ts.sock.9011
2023-02-20T09:51:34,641 [INFO ] W-9008-helmet_detection_0.1-stdout MODEL_LOG - Successfully loaded /Users/juanl/Documents/01-career/001-peachproject/04-model_matching/tutorial-examples/torch-env/lib/python3.8/site-packages/ts/configs/metrics.yaml.
2023-02-20T09:51:34,641 [INFO ] W-9002-helmet_detection_0.1-stdout MODEL_LOG - Successfully loaded /Users/juanl/Documents/01-career/001-peachproject/04-model_matching/tutorial-examples/torch-env/lib/python3.8/site-packages/ts/configs/metrics.yaml.
2023-02-20T09:51:34,641 [INFO ] W-9001-helmet_detection_0.1-stdout MODEL_LOG - Successfully loaded /Users/juanl/Documents/01-career/001-peachproject/04-model_matching/tutorial-examples/torch-env/lib/python3.8/site-packages/ts/configs/metrics.yaml.
2023-02-20T09:51:34,641 [INFO ] W-9012-helmet_detection_0.1-stdout MODEL_LOG - Successfully loaded /Users/juanl/Documents/01-career/001-peachproject/04-model_matching/tutorial-examples/torch-env/lib/python3.8/site-packages/ts/configs/metrics.yaml.
2023-02-20T09:51:34,641 [INFO ] W-9009-helmet_detection_0.1-stdout MODEL_LOG - Successfully loaded /Users/juanl/Documents/01-career/001-peachproject/04-model_matching/tutorial-examples/torch-env/lib/python3.8/site-packages/ts/configs/metrics.yaml.
2023-02-20T09:51:34,641 [INFO ] W-9005-helmet_detection_0.1-stdout MODEL_LOG - Successfully loaded /Users/juanl/Documents/01-career/001-peachproject/04-model_matching/tutorial-examples/torch-env/lib/python3.8/site-packages/ts/configs/metrics.yaml.
2023-02-20T09:51:34,641 [INFO ] W-9013-helmet_detection_0.1-stdout MODEL_LOG - Successfully loaded /Users/juanl/Documents/01-career/001-peachproject/04-model_matching/tutorial-examples/torch-env/lib/python3.8/site-packages/ts/configs/metrics.yaml.
2023-02-20T09:51:34,641 [INFO ] W-9000-helmet_detection_0.1-stdout MODEL_LOG - Successfully loaded /Users/juanl/Documents/01-career/001-peachproject/04-model_matching/tutorial-examples/torch-env/lib/python3.8/site-packages/ts/configs/metrics.yaml.
2023-02-20T09:51:34,642 [INFO ] W-9012-helmet_detection_0.1-stdout MODEL_LOG - [PID]91832
2023-02-20T09:51:34,642 [INFO ] W-9008-helmet_detection_0.1-stdout MODEL_LOG - [PID]91826
2023-02-20T09:51:34,642 [INFO ] W-9001-helmet_detection_0.1-stdout MODEL_LOG - [PID]91827
2023-02-20T09:51:34,642 [INFO ] W-9009-helmet_detection_0.1-stdout MODEL_LOG - [PID]91837
2023-02-20T09:51:34,642 [INFO ] W-9013-helmet_detection_0.1-stdout MODEL_LOG - [PID]91838
2023-02-20T09:51:34,642 [INFO ] W-9002-helmet_detection_0.1-stdout MODEL_LOG - [PID]91834
2023-02-20T09:51:34,642 [INFO ] W-9009-helmet_detection_0.1-stdout MODEL_LOG - Torch worker started.
2023-02-20T09:51:34,642 [INFO ] W-9008-helmet_detection_0.1-stdout MODEL_LOG - Torch worker started.
2023-02-20T09:51:34,642 [INFO ] W-9012-helmet_detection_0.1-stdout MODEL_LOG - Torch worker started.
2023-02-20T09:51:34,642 [INFO ] W-9001-helmet_detection_0.1-stdout MODEL_LOG - Torch worker started.
2023-02-20T09:51:34,642 [INFO ] W-9013-helmet_detection_0.1-stdout MODEL_LOG - Torch worker started.
2023-02-20T09:51:34,643 [INFO ] W-9006-helmet_detection_0.1-stdout MODEL_LOG - Successfully loaded /Users/juanl/Documents/01-career/001-peachproject/04-model_matching/tutorial-examples/torch-env/lib/python3.8/site-packages/ts/configs/metrics.yaml.
2023-02-20T09:51:34,643 [INFO ] W-9003-helmet_detection_0.1-stdout MODEL_LOG - Successfully loaded /Users/juanl/Documents/01-career/001-peachproject/04-model_matching/tutorial-examples/torch-env/lib/python3.8/site-packages/ts/configs/metrics.yaml.
2023-02-20T09:51:34,643 [INFO ] W-9013-helmet_detection_0.1-stdout MODEL_LOG - Python runtime: 3.8.9
2023-02-20T09:51:34,644 [INFO ] W-9005-helmet_detection_0.1-stdout MODEL_LOG - [PID]91835
2023-02-20T09:51:34,644 [INFO ] W-9000-helmet_detection_0.1-stdout MODEL_LOG - [PID]91830
2023-02-20T09:51:34,643 [INFO ] W-9007-helmet_detection_0.1-stdout MODEL_LOG - Successfully loaded /Users/juanl/Documents/01-career/001-peachproject/04-model_matching/tutorial-examples/torch-env/lib/python3.8/site-packages/ts/configs/metrics.yaml.
2023-02-20T09:51:34,644 [INFO ] W-9004-helmet_detection_0.1-stdout MODEL_LOG - Successfully loaded /Users/juanl/Documents/01-career/001-peachproject/04-model_matching/tutorial-examples/torch-env/lib/python3.8/site-packages/ts/configs/metrics.yaml.
2023-02-20T09:51:34,644 [INFO ] W-9005-helmet_detection_0.1-stdout MODEL_LOG - Torch worker started.
2023-02-20T09:51:34,644 [INFO ] W-9002-helmet_detection_0.1-stdout MODEL_LOG - Torch worker started.
2023-02-20T09:51:34,644 [INFO ] W-9000-helmet_detection_0.1-stdout MODEL_LOG - Torch worker started.
2023-02-20T09:51:34,645 [INFO ] W-9004-helmet_detection_0.1-stdout MODEL_LOG - [PID]91828
2023-02-20T09:51:34,644 [INFO ] W-9007-helmet_detection_0.1-stdout MODEL_LOG - [PID]91829
2023-02-20T09:51:34,645 [INFO ] W-9002-helmet_detection_0.1-stdout MODEL_LOG - Python runtime: 3.8.9
2023-02-20T09:51:34,645 [INFO ] W-9008-helmet_detection_0.1-stdout MODEL_LOG - Python runtime: 3.8.9
2023-02-20T09:51:34,645 [INFO ] W-9000-helmet_detection_0.1-stdout MODEL_LOG - Python runtime: 3.8.9
2023-02-20T09:51:34,645 [INFO ] W-9006-helmet_detection_0.1-stdout MODEL_LOG - [PID]91833
2023-02-20T09:51:34,645 [INFO ] W-9005-helmet_detection_0.1-stdout MODEL_LOG - Python runtime: 3.8.9
2023-02-20T09:51:34,645 [INFO ] W-9009-helmet_detection_0.1-stdout MODEL_LOG - Python runtime: 3.8.9
2023-02-20T09:51:34,645 [INFO ] W-9004-helmet_detection_0.1-stdout MODEL_LOG - Torch worker started.
2023-02-20T09:51:34,645 [INFO ] W-9014-helmet_detection_0.1-stdout MODEL_LOG - Successfully loaded /Users/juanl/Documents/01-career/001-peachproject/04-model_matching/tutorial-examples/torch-env/lib/python3.8/site-packages/ts/configs/metrics.yaml.
2023-02-20T09:51:34,645 [INFO ] W-9006-helmet_detection_0.1-stdout MODEL_LOG - Torch worker started.
2023-02-20T09:51:34,645 [INFO ] W-9012-helmet_detection_0.1-stdout MODEL_LOG - Python runtime: 3.8.9
2023-02-20T09:51:34,646 [INFO ] W-9007-helmet_detection_0.1-stdout MODEL_LOG - Torch worker started.
2023-02-20T09:51:34,646 [INFO ] W-9001-helmet_detection_0.1-stdout MODEL_LOG - Python runtime: 3.8.9
2023-02-20T09:51:34,646 [INFO ] W-9003-helmet_detection_0.1-stdout MODEL_LOG - [PID]91831
2023-02-20T09:51:34,646 [INFO ] W-9004-helmet_detection_0.1-stdout MODEL_LOG - Python runtime: 3.8.9
2023-02-20T09:51:34,646 [INFO ] W-9006-helmet_detection_0.1-stdout MODEL_LOG - Python runtime: 3.8.9
2023-02-20T09:51:34,646 [INFO ] W-9007-helmet_detection_0.1-stdout MODEL_LOG - Python runtime: 3.8.9
2023-02-20T09:51:34,646 [INFO ] W-9003-helmet_detection_0.1-stdout MODEL_LOG - Torch worker started.
2023-02-20T09:51:34,647 [INFO ] W-9014-helmet_detection_0.1-stdout MODEL_LOG - [PID]91841
2023-02-20T09:51:34,647 [INFO ] W-9003-helmet_detection_0.1-stdout MODEL_LOG - Python runtime: 3.8.9
2023-02-20T09:51:34,647 [INFO ] W-9014-helmet_detection_0.1-stdout MODEL_LOG - Torch worker started.
2023-02-20T09:51:34,647 [INFO ] W-9014-helmet_detection_0.1-stdout MODEL_LOG - Python runtime: 3.8.9
2023-02-20T09:51:34,650 [INFO ] W-9010-helmet_detection_0.1-stdout MODEL_LOG - Successfully loaded /Users/juanl/Documents/01-career/001-peachproject/04-model_matching/tutorial-examples/torch-env/lib/python3.8/site-packages/ts/configs/metrics.yaml.
2023-02-20T09:51:34,651 [INFO ] W-9015-helmet_detection_0.1-stdout MODEL_LOG - Successfully loaded /Users/juanl/Documents/01-career/001-peachproject/04-model_matching/tutorial-examples/torch-env/lib/python3.8/site-packages/ts/configs/metrics.yaml.
2023-02-20T09:51:34,651 [INFO ] W-9011-helmet_detection_0.1-stdout MODEL_LOG - Successfully loaded /Users/juanl/Documents/01-career/001-peachproject/04-model_matching/tutorial-examples/torch-env/lib/python3.8/site-packages/ts/configs/metrics.yaml.
2023-02-20T09:51:34,651 [INFO ] W-9010-helmet_detection_0.1-stdout MODEL_LOG - [PID]91836
2023-02-20T09:51:34,651 [INFO ] W-9015-helmet_detection_0.1-stdout MODEL_LOG - [PID]91839
2023-02-20T09:51:34,651 [INFO ] W-9011-helmet_detection_0.1-stdout MODEL_LOG - [PID]91840
2023-02-20T09:51:34,651 [INFO ] W-9015-helmet_detection_0.1-stdout MODEL_LOG - Torch worker started.
2023-02-20T09:51:34,652 [INFO ] W-9015-helmet_detection_0.1-stdout MODEL_LOG - Python runtime: 3.8.9
2023-02-20T09:51:34,652 [INFO ] W-9011-helmet_detection_0.1-stdout MODEL_LOG - Torch worker started.
2023-02-20T09:51:34,652 [INFO ] W-9010-helmet_detection_0.1-stdout MODEL_LOG - Torch worker started.
2023-02-20T09:51:34,652 [INFO ] W-9011-helmet_detection_0.1-stdout MODEL_LOG - Python runtime: 3.8.9
2023-02-20T09:51:34,653 [INFO ] W-9010-helmet_detection_0.1-stdout MODEL_LOG - Python runtime: 3.8.9
2023-02-20T09:51:34,665 [INFO ] W-9013-helmet_detection_0.1-stdout MODEL_LOG - Connection accepted: /var/folders/cm/pzskfkq17lq6vp0d73nrg1dw0000gq/T//.ts.sock.9013.
2023-02-20T09:51:34,665 [INFO ] W-9014-helmet_detection_0.1-stdout MODEL_LOG - Connection accepted: /var/folders/cm/pzskfkq17lq6vp0d73nrg1dw0000gq/T//.ts.sock.9014.
2023-02-20T09:51:34,666 [INFO ] W-9000-helmet_detection_0.1-stdout MODEL_LOG - Connection accepted: /var/folders/cm/pzskfkq17lq6vp0d73nrg1dw0000gq/T//.ts.sock.9000.
2023-02-20T09:51:34,665 [INFO ] W-9015-helmet_detection_0.1-stdout MODEL_LOG - Connection accepted: /var/folders/cm/pzskfkq17lq6vp0d73nrg1dw0000gq/T//.ts.sock.9015.
2023-02-20T09:51:34,665 [INFO ] W-9005-helmet_detection_0.1-stdout MODEL_LOG - Connection accepted: /var/folders/cm/pzskfkq17lq6vp0d73nrg1dw0000gq/T//.ts.sock.9005.
2023-02-20T09:51:34,665 [INFO ] W-9011-helmet_detection_0.1-stdout MODEL_LOG - Connection accepted: /var/folders/cm/pzskfkq17lq6vp0d73nrg1dw0000gq/T//.ts.sock.9011.
2023-02-20T09:51:34,665 [INFO ] W-9003-helmet_detection_0.1-stdout MODEL_LOG - Connection accepted: /var/folders/cm/pzskfkq17lq6vp0d73nrg1dw0000gq/T//.ts.sock.9003.
2023-02-20T09:51:34,665 [INFO ] W-9004-helmet_detection_0.1-stdout MODEL_LOG - Connection accepted: /var/folders/cm/pzskfkq17lq6vp0d73nrg1dw0000gq/T//.ts.sock.9004.
2023-02-20T09:51:34,665 [INFO ] W-9002-helmet_detection_0.1-stdout MODEL_LOG - Connection accepted: /var/folders/cm/pzskfkq17lq6vp0d73nrg1dw0000gq/T//.ts.sock.9002.
2023-02-20T09:51:34,666 [INFO ] W-9007-helmet_detection_0.1-stdout MODEL_LOG - Connection accepted: /var/folders/cm/pzskfkq17lq6vp0d73nrg1dw0000gq/T//.ts.sock.9007.
2023-02-20T09:51:34,666 [INFO ] W-9009-helmet_detection_0.1-stdout MODEL_LOG - Connection accepted: /var/folders/cm/pzskfkq17lq6vp0d73nrg1dw0000gq/T//.ts.sock.9009.
2023-02-20T09:51:34,666 [INFO ] W-9006-helmet_detection_0.1-stdout MODEL_LOG - Connection accepted: /var/folders/cm/pzskfkq17lq6vp0d73nrg1dw0000gq/T//.ts.sock.9006.
2023-02-20T09:51:34,666 [INFO ] W-9001-helmet_detection_0.1-stdout MODEL_LOG - Connection accepted: /var/folders/cm/pzskfkq17lq6vp0d73nrg1dw0000gq/T//.ts.sock.9001.
2023-02-20T09:51:34,666 [INFO ] W-9012-helmet_detection_0.1-stdout MODEL_LOG - Connection accepted: /var/folders/cm/pzskfkq17lq6vp0d73nrg1dw0000gq/T//.ts.sock.9012.
2023-02-20T09:51:34,666 [INFO ] W-9008-helmet_detection_0.1-stdout MODEL_LOG - Connection accepted: /var/folders/cm/pzskfkq17lq6vp0d73nrg1dw0000gq/T//.ts.sock.9008.
2023-02-20T09:51:34,665 [INFO ] W-9010-helmet_detection_0.1-stdout MODEL_LOG - Connection accepted: /var/folders/cm/pzskfkq17lq6vp0d73nrg1dw0000gq/T//.ts.sock.9010.
2023-02-20T09:51:34,713 [INFO ] W-9000-helmet_detection_0.1-stdout MODEL_LOG - model_name: helmet_detection, batchSize: 1
2023-02-20T09:51:34,714 [INFO ] W-9009-helmet_detection_0.1-stdout MODEL_LOG - model_name: helmet_detection, batchSize: 1
2023-02-20T09:51:34,720 [INFO ] W-9005-helmet_detection_0.1-stdout MODEL_LOG - model_name: helmet_detection, batchSize: 1
2023-02-20T09:51:34,720 [INFO ] W-9012-helmet_detection_0.1-stdout MODEL_LOG - model_name: helmet_detection, batchSize: 1
2023-02-20T09:51:34,722 [INFO ] W-9010-helmet_detection_0.1-stdout MODEL_LOG - model_name: helmet_detection, batchSize: 1
2023-02-20T09:51:34,722 [INFO ] W-9008-helmet_detection_0.1-stdout MODEL_LOG - model_name: helmet_detection, batchSize: 1
2023-02-20T09:51:34,722 [INFO ] W-9002-helmet_detection_0.1-stdout MODEL_LOG - model_name: helmet_detection, batchSize: 1
2023-02-20T09:51:34,722 [INFO ] W-9004-helmet_detection_0.1-stdout MODEL_LOG - model_name: helmet_detection, batchSize: 1
2023-02-20T09:51:34,722 [INFO ] W-9015-helmet_detection_0.1-stdout MODEL_LOG - model_name: helmet_detection, batchSize: 1
2023-02-20T09:51:34,723 [INFO ] W-9013-helmet_detection_0.1-stdout MODEL_LOG - model_name: helmet_detection, batchSize: 1
2023-02-20T09:51:34,723 [INFO ] W-9011-helmet_detection_0.1-stdout MODEL_LOG - model_name: helmet_detection, batchSize: 1
2023-02-20T09:51:34,723 [INFO ] W-9014-helmet_detection_0.1-stdout MODEL_LOG - model_name: helmet_detection, batchSize: 1
2023-02-20T09:51:34,723 [INFO ] W-9007-helmet_detection_0.1-stdout MODEL_LOG - model_name: helmet_detection, batchSize: 1
2023-02-20T09:51:34,723 [INFO ] W-9003-helmet_detection_0.1-stdout MODEL_LOG - model_name: helmet_detection, batchSize: 1
2023-02-20T09:51:34,723 [INFO ] W-9001-helmet_detection_0.1-stdout MODEL_LOG - model_name: helmet_detection, batchSize: 1
2023-02-20T09:51:34,723 [INFO ] W-9006-helmet_detection_0.1-stdout MODEL_LOG - model_name: helmet_detection, batchSize: 1
2023-02-20T09:51:44,750 [INFO ] W-9008-helmet_detection_0.1-stdout MODEL_LOG - /var/folders/cm/pzskfkq17lq6vp0d73nrg1dw0000gq/T/models/767ef9a48a04459dba0d11a4240b0612/compile.json is missing. PT 2.0 will not be used
2023-02-20T09:51:44,751 [INFO ] W-9008-helmet_detection_0.1-stdout MODEL_LOG - dynamo/inductor are not installed. 
2023-02-20T09:51:44,751 [INFO ] W-9015-helmet_detection_0.1-stdout MODEL_LOG - /var/folders/cm/pzskfkq17lq6vp0d73nrg1dw0000gq/T/models/767ef9a48a04459dba0d11a4240b0612/compile.json is missing. PT 2.0 will not be used
2023-02-20T09:51:44,751 [INFO ] W-9008-helmet_detection_0.1-stdout MODEL_LOG -  For GPU please run pip3 install numpy --pre torch[dynamo] --force-reinstall --extra-index-url https://download.pytorch.org/whl/nightly/cu117 
2023-02-20T09:51:44,751 [INFO ] W-9008-helmet_detection_0.1-stdout MODEL_LOG -  for CPU please run pip3 install --pre torch --extra-index-url https://download.pytorch.org/whl/nightly/cpu
2023-02-20T09:51:44,751 [INFO ] W-9015-helmet_detection_0.1-stdout MODEL_LOG - dynamo/inductor are not installed. 
2023-02-20T09:51:44,751 [INFO ] W-9015-helmet_detection_0.1-stdout MODEL_LOG -  For GPU please run pip3 install numpy --pre torch[dynamo] --force-reinstall --extra-index-url https://download.pytorch.org/whl/nightly/cu117 
2023-02-20T09:51:44,751 [INFO ] W-9015-helmet_detection_0.1-stdout MODEL_LOG -  for CPU please run pip3 install --pre torch --extra-index-url https://download.pytorch.org/whl/nightly/cpu
2023-02-20T09:51:44,752 [INFO ] W-9006-helmet_detection_0.1-stdout MODEL_LOG - /var/folders/cm/pzskfkq17lq6vp0d73nrg1dw0000gq/T/models/767ef9a48a04459dba0d11a4240b0612/compile.json is missing. PT 2.0 will not be used
2023-02-20T09:51:44,752 [INFO ] W-9006-helmet_detection_0.1-stdout MODEL_LOG - dynamo/inductor are not installed. 
2023-02-20T09:51:44,752 [INFO ] W-9006-helmet_detection_0.1-stdout MODEL_LOG -  For GPU please run pip3 install numpy --pre torch[dynamo] --force-reinstall --extra-index-url https://download.pytorch.org/whl/nightly/cu117 
2023-02-20T09:51:44,753 [INFO ] W-9006-helmet_detection_0.1-stdout MODEL_LOG -  for CPU please run pip3 install --pre torch --extra-index-url https://download.pytorch.org/whl/nightly/cpu
2023-02-20T09:51:44,753 [INFO ] W-9000-helmet_detection_0.1-stdout MODEL_LOG - /var/folders/cm/pzskfkq17lq6vp0d73nrg1dw0000gq/T/models/767ef9a48a04459dba0d11a4240b0612/compile.json is missing. PT 2.0 will not be used
2023-02-20T09:51:44,753 [INFO ] W-9014-helmet_detection_0.1-stdout MODEL_LOG - /var/folders/cm/pzskfkq17lq6vp0d73nrg1dw0000gq/T/models/767ef9a48a04459dba0d11a4240b0612/compile.json is missing. PT 2.0 will not be used
2023-02-20T09:51:44,753 [INFO ] W-9000-helmet_detection_0.1-stdout MODEL_LOG - dynamo/inductor are not installed. 
2023-02-20T09:51:44,753 [INFO ] W-9000-helmet_detection_0.1-stdout MODEL_LOG -  For GPU please run pip3 install numpy --pre torch[dynamo] --force-reinstall --extra-index-url https://download.pytorch.org/whl/nightly/cu117 
2023-02-20T09:51:44,753 [INFO ] W-9000-helmet_detection_0.1-stdout MODEL_LOG -  for CPU please run pip3 install --pre torch --extra-index-url https://download.pytorch.org/whl/nightly/cpu
2023-02-20T09:51:44,754 [INFO ] W-9014-helmet_detection_0.1-stdout MODEL_LOG - dynamo/inductor are not installed. 
2023-02-20T09:51:44,754 [INFO ] W-9014-helmet_detection_0.1-stdout MODEL_LOG -  For GPU please run pip3 install numpy --pre torch[dynamo] --force-reinstall --extra-index-url https://download.pytorch.org/whl/nightly/cu117 
2023-02-20T09:51:44,754 [INFO ] W-9013-helmet_detection_0.1-stdout MODEL_LOG - /var/folders/cm/pzskfkq17lq6vp0d73nrg1dw0000gq/T/models/767ef9a48a04459dba0d11a4240b0612/compile.json is missing. PT 2.0 will not be used
2023-02-20T09:51:44,754 [INFO ] W-9014-helmet_detection_0.1-stdout MODEL_LOG -  for CPU please run pip3 install --pre torch --extra-index-url https://download.pytorch.org/whl/nightly/cpu
2023-02-20T09:51:44,754 [INFO ] W-9010-helmet_detection_0.1-stdout MODEL_LOG - /var/folders/cm/pzskfkq17lq6vp0d73nrg1dw0000gq/T/models/767ef9a48a04459dba0d11a4240b0612/compile.json is missing. PT 2.0 will not be used
2023-02-20T09:51:44,754 [INFO ] W-9013-helmet_detection_0.1-stdout MODEL_LOG - dynamo/inductor are not installed. 
2023-02-20T09:51:44,754 [INFO ] W-9013-helmet_detection_0.1-stdout MODEL_LOG -  For GPU please run pip3 install numpy --pre torch[dynamo] --force-reinstall --extra-index-url https://download.pytorch.org/whl/nightly/cu117 
2023-02-20T09:51:44,754 [INFO ] W-9010-helmet_detection_0.1-stdout MODEL_LOG - dynamo/inductor are not installed. 
2023-02-20T09:51:44,754 [INFO ] W-9013-helmet_detection_0.1-stdout MODEL_LOG -  for CPU please run pip3 install --pre torch --extra-index-url https://download.pytorch.org/whl/nightly/cpu
2023-02-20T09:51:44,754 [INFO ] W-9010-helmet_detection_0.1-stdout MODEL_LOG -  For GPU please run pip3 install numpy --pre torch[dynamo] --force-reinstall --extra-index-url https://download.pytorch.org/whl/nightly/cu117 
2023-02-20T09:51:44,754 [INFO ] W-9010-helmet_detection_0.1-stdout MODEL_LOG -  for CPU please run pip3 install --pre torch --extra-index-url https://download.pytorch.org/whl/nightly/cpu
2023-02-20T09:51:44,755 [INFO ] W-9005-helmet_detection_0.1-stdout MODEL_LOG - /var/folders/cm/pzskfkq17lq6vp0d73nrg1dw0000gq/T/models/767ef9a48a04459dba0d11a4240b0612/compile.json is missing. PT 2.0 will not be used
2023-02-20T09:51:44,755 [INFO ] W-9002-helmet_detection_0.1-stdout MODEL_LOG - /var/folders/cm/pzskfkq17lq6vp0d73nrg1dw0000gq/T/models/767ef9a48a04459dba0d11a4240b0612/compile.json is missing. PT 2.0 will not be used
2023-02-20T09:51:44,755 [INFO ] W-9005-helmet_detection_0.1-stdout MODEL_LOG - dynamo/inductor are not installed. 
2023-02-20T09:51:44,755 [INFO ] W-9005-helmet_detection_0.1-stdout MODEL_LOG -  For GPU please run pip3 install numpy --pre torch[dynamo] --force-reinstall --extra-index-url https://download.pytorch.org/whl/nightly/cu117 
2023-02-20T09:51:44,755 [INFO ] W-9002-helmet_detection_0.1-stdout MODEL_LOG - dynamo/inductor are not installed. 
2023-02-20T09:51:44,755 [INFO ] W-9009-helmet_detection_0.1-stdout MODEL_LOG - /var/folders/cm/pzskfkq17lq6vp0d73nrg1dw0000gq/T/models/767ef9a48a04459dba0d11a4240b0612/compile.json is missing. PT 2.0 will not be used
2023-02-20T09:51:44,755 [INFO ] W-9005-helmet_detection_0.1-stdout MODEL_LOG -  for CPU please run pip3 install --pre torch --extra-index-url https://download.pytorch.org/whl/nightly/cpu
2023-02-20T09:51:44,755 [INFO ] W-9002-helmet_detection_0.1-stdout MODEL_LOG -  For GPU please run pip3 install numpy --pre torch[dynamo] --force-reinstall --extra-index-url https://download.pytorch.org/whl/nightly/cu117 
2023-02-20T09:51:44,755 [INFO ] W-9001-helmet_detection_0.1-stdout MODEL_LOG - /var/folders/cm/pzskfkq17lq6vp0d73nrg1dw0000gq/T/models/767ef9a48a04459dba0d11a4240b0612/compile.json is missing. PT 2.0 will not be used
2023-02-20T09:51:44,755 [INFO ] W-9009-helmet_detection_0.1-stdout MODEL_LOG - dynamo/inductor are not installed. 
2023-02-20T09:51:44,755 [INFO ] W-9002-helmet_detection_0.1-stdout MODEL_LOG -  for CPU please run pip3 install --pre torch --extra-index-url https://download.pytorch.org/whl/nightly/cpu
2023-02-20T09:51:44,755 [INFO ] W-9001-helmet_detection_0.1-stdout MODEL_LOG - dynamo/inductor are not installed. 
2023-02-20T09:51:44,755 [INFO ] W-9009-helmet_detection_0.1-stdout MODEL_LOG -  For GPU please run pip3 install numpy --pre torch[dynamo] --force-reinstall --extra-index-url https://download.pytorch.org/whl/nightly/cu117 
2023-02-20T09:51:44,756 [INFO ] W-9001-helmet_detection_0.1-stdout MODEL_LOG -  For GPU please run pip3 install numpy --pre torch[dynamo] --force-reinstall --extra-index-url https://download.pytorch.org/whl/nightly/cu117 
2023-02-20T09:51:44,756 [INFO ] W-9009-helmet_detection_0.1-stdout MODEL_LOG -  for CPU please run pip3 install --pre torch --extra-index-url https://download.pytorch.org/whl/nightly/cpu
2023-02-20T09:51:44,756 [INFO ] W-9001-helmet_detection_0.1-stdout MODEL_LOG -  for CPU please run pip3 install --pre torch --extra-index-url https://download.pytorch.org/whl/nightly/cpu
2023-02-20T09:51:44,757 [INFO ] W-9011-helmet_detection_0.1-stdout MODEL_LOG - /var/folders/cm/pzskfkq17lq6vp0d73nrg1dw0000gq/T/models/767ef9a48a04459dba0d11a4240b0612/compile.json is missing. PT 2.0 will not be used
2023-02-20T09:51:44,757 [INFO ] W-9007-helmet_detection_0.1-stdout MODEL_LOG - /var/folders/cm/pzskfkq17lq6vp0d73nrg1dw0000gq/T/models/767ef9a48a04459dba0d11a4240b0612/compile.json is missing. PT 2.0 will not be used
2023-02-20T09:51:44,757 [INFO ] W-9011-helmet_detection_0.1-stdout MODEL_LOG - dynamo/inductor are not installed. 
2023-02-20T09:51:44,757 [INFO ] W-9011-helmet_detection_0.1-stdout MODEL_LOG -  For GPU please run pip3 install numpy --pre torch[dynamo] --force-reinstall --extra-index-url https://download.pytorch.org/whl/nightly/cu117 
2023-02-20T09:51:44,757 [INFO ] W-9007-helmet_detection_0.1-stdout MODEL_LOG - dynamo/inductor are not installed. 
2023-02-20T09:51:44,757 [INFO ] W-9011-helmet_detection_0.1-stdout MODEL_LOG -  for CPU please run pip3 install --pre torch --extra-index-url https://download.pytorch.org/whl/nightly/cpu
2023-02-20T09:51:44,757 [INFO ] W-9003-helmet_detection_0.1-stdout MODEL_LOG - /var/folders/cm/pzskfkq17lq6vp0d73nrg1dw0000gq/T/models/767ef9a48a04459dba0d11a4240b0612/compile.json is missing. PT 2.0 will not be used
2023-02-20T09:51:44,757 [INFO ] W-9007-helmet_detection_0.1-stdout MODEL_LOG -  For GPU please run pip3 install numpy --pre torch[dynamo] --force-reinstall --extra-index-url https://download.pytorch.org/whl/nightly/cu117 
2023-02-20T09:51:44,757 [INFO ] W-9007-helmet_detection_0.1-stdout MODEL_LOG -  for CPU please run pip3 install --pre torch --extra-index-url https://download.pytorch.org/whl/nightly/cpu
2023-02-20T09:51:44,757 [INFO ] W-9003-helmet_detection_0.1-stdout MODEL_LOG - dynamo/inductor are not installed. 
2023-02-20T09:51:44,757 [INFO ] W-9003-helmet_detection_0.1-stdout MODEL_LOG -  For GPU please run pip3 install numpy --pre torch[dynamo] --force-reinstall --extra-index-url https://download.pytorch.org/whl/nightly/cu117 
2023-02-20T09:51:44,757 [INFO ] W-9003-helmet_detection_0.1-stdout MODEL_LOG -  for CPU please run pip3 install --pre torch --extra-index-url https://download.pytorch.org/whl/nightly/cpu
2023-02-20T09:51:44,758 [INFO ] W-9004-helmet_detection_0.1-stdout MODEL_LOG - /var/folders/cm/pzskfkq17lq6vp0d73nrg1dw0000gq/T/models/767ef9a48a04459dba0d11a4240b0612/compile.json is missing. PT 2.0 will not be used
2023-02-20T09:51:44,758 [INFO ] W-9004-helmet_detection_0.1-stdout MODEL_LOG - dynamo/inductor are not installed. 
2023-02-20T09:51:44,758 [INFO ] W-9004-helmet_detection_0.1-stdout MODEL_LOG -  For GPU please run pip3 install numpy --pre torch[dynamo] --force-reinstall --extra-index-url https://download.pytorch.org/whl/nightly/cu117 
2023-02-20T09:51:44,758 [INFO ] W-9004-helmet_detection_0.1-stdout MODEL_LOG -  for CPU please run pip3 install --pre torch --extra-index-url https://download.pytorch.org/whl/nightly/cpu
2023-02-20T09:51:44,767 [INFO ] W-9012-helmet_detection_0.1-stdout MODEL_LOG - /var/folders/cm/pzskfkq17lq6vp0d73nrg1dw0000gq/T/models/767ef9a48a04459dba0d11a4240b0612/compile.json is missing. PT 2.0 will not be used
2023-02-20T09:51:44,767 [INFO ] W-9012-helmet_detection_0.1-stdout MODEL_LOG - dynamo/inductor are not installed. 
2023-02-20T09:51:44,768 [INFO ] W-9012-helmet_detection_0.1-stdout MODEL_LOG -  For GPU please run pip3 install numpy --pre torch[dynamo] --force-reinstall --extra-index-url https://download.pytorch.org/whl/nightly/cu117 
2023-02-20T09:51:44,768 [INFO ] W-9012-helmet_detection_0.1-stdout MODEL_LOG -  for CPU please run pip3 install --pre torch --extra-index-url https://download.pytorch.org/whl/nightly/cpu
2023-02-20T09:52:01,656 [INFO ] W-9010-helmet_detection_0.1-stdout MODEL_LOG - Backend received inference at: 1676857921
2023-02-20T09:52:18,075 [INFO ] W-9008-helmet_detection_0.1-stdout MODEL_LOG - Backend received inference at: 1676857938
2023-02-20T09:52:47,956 [INFO ] W-9004-helmet_detection_0.1-stdout MODEL_LOG - Backend received inference at: 1676857967
2023-02-20T09:53:23,249 [INFO ] W-9015-helmet_detection_0.1-stdout MODEL_LOG - Frontend disconnected.
2023-02-20T09:53:23,257 [INFO ] W-9014-helmet_detection_0.1-stdout MODEL_LOG - Frontend disconnected.
2023-02-20T09:53:23,264 [INFO ] W-9013-helmet_detection_0.1-stdout MODEL_LOG - Frontend disconnected.
2023-02-20T09:53:23,270 [INFO ] W-9012-helmet_detection_0.1-stdout MODEL_LOG - Frontend disconnected.
2023-02-20T09:53:23,278 [INFO ] W-9011-helmet_detection_0.1-stdout MODEL_LOG - Frontend disconnected.
2023-02-20T09:53:23,285 [INFO ] W-9010-helmet_detection_0.1-stdout MODEL_LOG - Frontend disconnected.
2023-02-20T09:53:23,292 [INFO ] W-9009-helmet_detection_0.1-stdout MODEL_LOG - Frontend disconnected.
2023-02-20T09:53:23,299 [INFO ] W-9008-helmet_detection_0.1-stdout MODEL_LOG - Frontend disconnected.
2023-02-20T09:53:23,306 [INFO ] W-9007-helmet_detection_0.1-stdout MODEL_LOG - Frontend disconnected.
2023-02-20T09:53:23,313 [INFO ] W-9006-helmet_detection_0.1-stdout MODEL_LOG - Frontend disconnected.
2023-02-20T09:53:23,320 [INFO ] W-9005-helmet_detection_0.1-stdout MODEL_LOG - Frontend disconnected.
2023-02-20T09:53:23,329 [INFO ] W-9004-helmet_detection_0.1-stdout MODEL_LOG - Frontend disconnected.
2023-02-20T09:53:23,335 [INFO ] W-9003-helmet_detection_0.1-stdout MODEL_LOG - Frontend disconnected.
2023-02-20T09:53:30,459 [INFO ] W-9002-helmet_detection_0.1-stdout MODEL_LOG - Backend received inference at: 1676858010
2023-02-20T09:53:51,528 [INFO ] W-9000-helmet_detection_0.1-stdout MODEL_LOG - Backend received inference at: 1676858031
2023-02-20T09:54:52,277 [INFO ] W-9001-helmet_detection_0.1-stdout MODEL_LOG - Backend received inference at: 1676858092
2023-02-20T09:55:01,682 [INFO ] W-9002-helmet_detection_0.1-stdout MODEL_LOG - Backend received inference at: 1676858101
2023-02-20T09:55:11,267 [INFO ] W-9000-helmet_detection_0.1-stdout MODEL_LOG - Backend received inference at: 1676858111
2023-02-20T09:56:34,441 [INFO ] W-9001-helmet_detection_0.1-stdout MODEL_LOG - Backend received inference at: 1676858194
2023-02-20T09:57:15,654 [INFO ] W-9002-helmet_detection_0.1-stdout MODEL_LOG - Backend received inference at: 1676858235
2023-02-20T09:58:33,504 [INFO ] W-9000-helmet_detection_0.1-stdout MODEL_LOG - Backend received inference at: 1676858313
2023-02-20T09:59:39,490 [INFO ] W-9002-helmet_detection_0.1-stdout MODEL_LOG - Listening on port: /var/folders/cm/pzskfkq17lq6vp0d73nrg1dw0000gq/T//.ts.sock.9002
2023-02-20T09:59:39,490 [INFO ] W-9001-helmet_detection_0.1-stdout MODEL_LOG - Listening on port: /var/folders/cm/pzskfkq17lq6vp0d73nrg1dw0000gq/T//.ts.sock.9001
2023-02-20T09:59:39,493 [INFO ] W-9000-helmet_detection_0.1-stdout MODEL_LOG - Listening on port: /var/folders/cm/pzskfkq17lq6vp0d73nrg1dw0000gq/T//.ts.sock.9000
2023-02-20T09:59:39,496 [INFO ] W-9001-helmet_detection_0.1-stdout MODEL_LOG - Successfully loaded /Users/juanl/Documents/01-career/001-peachproject/04-model_matching/tutorial-examples/torch-env/lib/python3.8/site-packages/ts/configs/metrics.yaml.
2023-02-20T09:59:39,496 [INFO ] W-9002-helmet_detection_0.1-stdout MODEL_LOG - Successfully loaded /Users/juanl/Documents/01-career/001-peachproject/04-model_matching/tutorial-examples/torch-env/lib/python3.8/site-packages/ts/configs/metrics.yaml.
2023-02-20T09:59:39,496 [INFO ] W-9001-helmet_detection_0.1-stdout MODEL_LOG - [PID]96855
2023-02-20T09:59:39,496 [INFO ] W-9002-helmet_detection_0.1-stdout MODEL_LOG - [PID]96854
2023-02-20T09:59:39,496 [INFO ] W-9001-helmet_detection_0.1-stdout MODEL_LOG - Torch worker started.
2023-02-20T09:59:39,497 [INFO ] W-9002-helmet_detection_0.1-stdout MODEL_LOG - Torch worker started.
2023-02-20T09:59:39,497 [INFO ] W-9001-helmet_detection_0.1-stdout MODEL_LOG - Python runtime: 3.8.9
2023-02-20T09:59:39,497 [INFO ] W-9002-helmet_detection_0.1-stdout MODEL_LOG - Python runtime: 3.8.9
2023-02-20T09:59:39,499 [INFO ] W-9000-helmet_detection_0.1-stdout MODEL_LOG - Successfully loaded /Users/juanl/Documents/01-career/001-peachproject/04-model_matching/tutorial-examples/torch-env/lib/python3.8/site-packages/ts/configs/metrics.yaml.
2023-02-20T09:59:39,499 [INFO ] W-9000-helmet_detection_0.1-stdout MODEL_LOG - [PID]96853
2023-02-20T09:59:39,499 [INFO ] W-9000-helmet_detection_0.1-stdout MODEL_LOG - Torch worker started.
2023-02-20T09:59:39,499 [INFO ] W-9000-helmet_detection_0.1-stdout MODEL_LOG - Python runtime: 3.8.9
2023-02-20T09:59:39,510 [INFO ] W-9002-helmet_detection_0.1-stdout MODEL_LOG - Connection accepted: /var/folders/cm/pzskfkq17lq6vp0d73nrg1dw0000gq/T//.ts.sock.9002.
2023-02-20T09:59:39,510 [INFO ] W-9001-helmet_detection_0.1-stdout MODEL_LOG - Connection accepted: /var/folders/cm/pzskfkq17lq6vp0d73nrg1dw0000gq/T//.ts.sock.9001.
2023-02-20T09:59:39,510 [INFO ] W-9000-helmet_detection_0.1-stdout MODEL_LOG - Connection accepted: /var/folders/cm/pzskfkq17lq6vp0d73nrg1dw0000gq/T//.ts.sock.9000.
2023-02-20T09:59:39,544 [INFO ] W-9000-helmet_detection_0.1-stdout MODEL_LOG - model_name: helmet_detection, batchSize: 1
2023-02-20T09:59:39,544 [INFO ] W-9001-helmet_detection_0.1-stdout MODEL_LOG - model_name: helmet_detection, batchSize: 1
2023-02-20T09:59:39,544 [INFO ] W-9002-helmet_detection_0.1-stdout MODEL_LOG - model_name: helmet_detection, batchSize: 1
2023-02-20T09:59:40,165 [INFO ] W-9001-helmet_detection_0.1-stdout MODEL_LOG - /var/folders/cm/pzskfkq17lq6vp0d73nrg1dw0000gq/T/models/27bf5c72638443b3a7bc7d987f46caaf/compile.json is missing. PT 2.0 will not be used
2023-02-20T09:59:40,165 [INFO ] W-9002-helmet_detection_0.1-stdout MODEL_LOG - /var/folders/cm/pzskfkq17lq6vp0d73nrg1dw0000gq/T/models/27bf5c72638443b3a7bc7d987f46caaf/compile.json is missing. PT 2.0 will not be used
2023-02-20T09:59:40,165 [INFO ] W-9001-helmet_detection_0.1-stdout MODEL_LOG - dynamo/inductor are not installed. 
2023-02-20T09:59:40,165 [INFO ] W-9002-helmet_detection_0.1-stdout MODEL_LOG - dynamo/inductor are not installed. 
2023-02-20T09:59:40,165 [INFO ] W-9000-helmet_detection_0.1-stdout MODEL_LOG - /var/folders/cm/pzskfkq17lq6vp0d73nrg1dw0000gq/T/models/27bf5c72638443b3a7bc7d987f46caaf/compile.json is missing. PT 2.0 will not be used
2023-02-20T09:59:40,166 [INFO ] W-9002-helmet_detection_0.1-stdout MODEL_LOG -  For GPU please run pip3 install numpy --pre torch[dynamo] --force-reinstall --extra-index-url https://download.pytorch.org/whl/nightly/cu117 
2023-02-20T09:59:40,166 [INFO ] W-9001-helmet_detection_0.1-stdout MODEL_LOG -  For GPU please run pip3 install numpy --pre torch[dynamo] --force-reinstall --extra-index-url https://download.pytorch.org/whl/nightly/cu117 
2023-02-20T09:59:40,166 [INFO ] W-9002-helmet_detection_0.1-stdout MODEL_LOG -  for CPU please run pip3 install --pre torch --extra-index-url https://download.pytorch.org/whl/nightly/cpu
2023-02-20T09:59:40,166 [INFO ] W-9000-helmet_detection_0.1-stdout MODEL_LOG - dynamo/inductor are not installed. 
2023-02-20T09:59:40,166 [INFO ] W-9001-helmet_detection_0.1-stdout MODEL_LOG -  for CPU please run pip3 install --pre torch --extra-index-url https://download.pytorch.org/whl/nightly/cpu
2023-02-20T09:59:40,166 [INFO ] W-9000-helmet_detection_0.1-stdout MODEL_LOG -  For GPU please run pip3 install numpy --pre torch[dynamo] --force-reinstall --extra-index-url https://download.pytorch.org/whl/nightly/cu117 
2023-02-20T09:59:40,166 [INFO ] W-9000-helmet_detection_0.1-stdout MODEL_LOG -  for CPU please run pip3 install --pre torch --extra-index-url https://download.pytorch.org/whl/nightly/cpu
2023-02-20T10:01:20,489 [INFO ] W-9001-helmet_detection_0.1-stdout MODEL_LOG - Backend received inference at: 1676858480
2023-02-20T10:01:30,873 [INFO ] W-9000-helmet_detection_0.1-stdout MODEL_LOG - Backend received inference at: 1676858490
2023-02-20T10:02:00,609 [INFO ] W-9002-helmet_detection_0.1-stdout MODEL_LOG - Backend received inference at: 1676858520
2023-02-20T10:03:01,151 [INFO ] W-9001-helmet_detection_0.1-stdout MODEL_LOG - Backend received inference at: 1676858581
