2023-02-20T10:23:40,141 - CPUUtilization.Percent:100.0|#Level:Host|#hostname:juanlEMD6R.vmware.com,timestamp:1676859820
2023-02-20T10:23:40,141 - DiskAvailable.Gigabytes:630.3023948669434|#Level:Host|#hostname:juanlEMD6R.vmware.com,timestamp:1676859820
2023-02-20T10:23:40,142 - DiskUsage.Gigabytes:23.694202423095703|#Level:Host|#hostname:juanlEMD6R.vmware.com,timestamp:1676859820
2023-02-20T10:23:40,142 - DiskUtilization.Percent:3.6|#Level:Host|#hostname:juanlEMD6R.vmware.com,timestamp:1676859820
2023-02-20T10:23:40,142 - MemoryAvailable.Megabytes:17991.765625|#Level:Host|#hostname:juanlEMD6R.vmware.com,timestamp:1676859820
2023-02-20T10:23:40,142 - MemoryUsed.Megabytes:12696.22265625|#Level:Host|#hostname:juanlEMD6R.vmware.com,timestamp:1676859820
2023-02-20T10:23:40,143 - MemoryUtilization.Percent:45.1|#Level:Host|#hostname:juanlEMD6R.vmware.com,timestamp:1676859820
2023-02-20T10:23:42,929 - W-9010-helmet_detection_0.1.ms:3461|#Level:Host|#hostname:juanlEMD6R.vmware.com,timestamp:1676859822
2023-02-20T10:23:42,930 - W-9014-helmet_detection_0.1.ms:3461|#Level:Host|#hostname:juanlEMD6R.vmware.com,timestamp:1676859822
2023-02-20T10:23:42,930 - W-9006-helmet_detection_0.1.ms:3463|#Level:Host|#hostname:juanlEMD6R.vmware.com,timestamp:1676859822
2023-02-20T10:23:42,930 - W-9005-helmet_detection_0.1.ms:3464|#Level:Host|#hostname:juanlEMD6R.vmware.com,timestamp:1676859822
2023-02-20T10:23:42,930 - WorkerThreadTime.ms:63|#Level:Host|#hostname:juanlEMD6R.vmware.com,timestamp:1676859822
2023-02-20T10:23:42,930 - W-9011-helmet_detection_0.1.ms:3461|#Level:Host|#hostname:juanlEMD6R.vmware.com,timestamp:1676859822
2023-02-20T10:23:42,930 - W-9000-helmet_detection_0.1.ms:3468|#Level:Host|#hostname:juanlEMD6R.vmware.com,timestamp:1676859822
2023-02-20T10:23:42,930 - W-9004-helmet_detection_0.1.ms:3464|#Level:Host|#hostname:juanlEMD6R.vmware.com,timestamp:1676859822
2023-02-20T10:23:42,930 - WorkerThreadTime.ms:78|#Level:Host|#hostname:juanlEMD6R.vmware.com,timestamp:1676859822
2023-02-20T10:23:42,930 - WorkerThreadTime.ms:83|#Level:Host|#hostname:juanlEMD6R.vmware.com,timestamp:1676859822
2023-02-20T10:23:42,930 - WorkerThreadTime.ms:65|#Level:Host|#hostname:juanlEMD6R.vmware.com,timestamp:1676859822
2023-02-20T10:23:42,930 - WorkerThreadTime.ms:77|#Level:Host|#hostname:juanlEMD6R.vmware.com,timestamp:1676859822
2023-02-20T10:23:42,930 - W-9001-helmet_detection_0.1.ms:3466|#Level:Host|#hostname:juanlEMD6R.vmware.com,timestamp:1676859822
2023-02-20T10:23:42,930 - W-9009-helmet_detection_0.1.ms:3462|#Level:Host|#hostname:juanlEMD6R.vmware.com,timestamp:1676859822
2023-02-20T10:23:42,930 - WorkerThreadTime.ms:80|#Level:Host|#hostname:juanlEMD6R.vmware.com,timestamp:1676859822
2023-02-20T10:23:42,930 - W-9002-helmet_detection_0.1.ms:3465|#Level:Host|#hostname:juanlEMD6R.vmware.com,timestamp:1676859822
2023-02-20T10:23:42,931 - WorkerThreadTime.ms:82|#Level:Host|#hostname:juanlEMD6R.vmware.com,timestamp:1676859822
2023-02-20T10:23:42,931 - WorkerThreadTime.ms:92|#Level:Host|#hostname:juanlEMD6R.vmware.com,timestamp:1676859822
2023-02-20T10:23:42,931 - WorkerThreadTime.ms:81|#Level:Host|#hostname:juanlEMD6R.vmware.com,timestamp:1676859822
2023-02-20T10:23:42,931 - WorkerThreadTime.ms:95|#Level:Host|#hostname:juanlEMD6R.vmware.com,timestamp:1676859822
2023-02-20T10:23:42,931 - W-9008-helmet_detection_0.1.ms:3464|#Level:Host|#hostname:juanlEMD6R.vmware.com,timestamp:1676859822
2023-02-20T10:23:42,931 - WorkerThreadTime.ms:81|#Level:Host|#hostname:juanlEMD6R.vmware.com,timestamp:1676859822
2023-02-20T10:23:42,938 - W-9012-helmet_detection_0.1.ms:3469|#Level:Host|#hostname:juanlEMD6R.vmware.com,timestamp:1676859822
2023-02-20T10:23:42,938 - WorkerThreadTime.ms:79|#Level:Host|#hostname:juanlEMD6R.vmware.com,timestamp:1676859822
2023-02-20T10:23:42,943 - W-9003-helmet_detection_0.1.ms:3478|#Level:Host|#hostname:juanlEMD6R.vmware.com,timestamp:1676859822
2023-02-20T10:23:42,943 - WorkerThreadTime.ms:64|#Level:Host|#hostname:juanlEMD6R.vmware.com,timestamp:1676859822
2023-02-20T10:23:42,946 - W-9007-helmet_detection_0.1.ms:3479|#Level:Host|#hostname:juanlEMD6R.vmware.com,timestamp:1676859822
2023-02-20T10:23:42,946 - WorkerThreadTime.ms:82|#Level:Host|#hostname:juanlEMD6R.vmware.com,timestamp:1676859822
2023-02-20T10:23:42,950 - W-9013-helmet_detection_0.1.ms:3481|#Level:Host|#hostname:juanlEMD6R.vmware.com,timestamp:1676859822
2023-02-20T10:23:42,950 - WorkerThreadTime.ms:34|#Level:Host|#hostname:juanlEMD6R.vmware.com,timestamp:1676859822
2023-02-20T10:23:43,004 - W-9015-helmet_detection_0.1.ms:3534|#Level:Host|#hostname:juanlEMD6R.vmware.com,timestamp:1676859823
2023-02-20T10:23:43,004 - WorkerThreadTime.ms:26|#Level:Host|#hostname:juanlEMD6R.vmware.com,timestamp:1676859823
2023-02-20T10:24:40,017 - CPUUtilization.Percent:0.0|#Level:Host|#hostname:juanlEMD6R.vmware.com,timestamp:1676859880
2023-02-20T10:24:40,017 - DiskAvailable.Gigabytes:630.3044624328613|#Level:Host|#hostname:juanlEMD6R.vmware.com,timestamp:1676859880
2023-02-20T10:24:40,017 - DiskUsage.Gigabytes:23.694202423095703|#Level:Host|#hostname:juanlEMD6R.vmware.com,timestamp:1676859880
2023-02-20T10:24:40,017 - DiskUtilization.Percent:3.6|#Level:Host|#hostname:juanlEMD6R.vmware.com,timestamp:1676859880
2023-02-20T10:24:40,017 - MemoryAvailable.Megabytes:16569.23046875|#Level:Host|#hostname:juanlEMD6R.vmware.com,timestamp:1676859880
2023-02-20T10:24:40,018 - MemoryUsed.Megabytes:14118.5859375|#Level:Host|#hostname:juanlEMD6R.vmware.com,timestamp:1676859880
2023-02-20T10:24:40,018 - MemoryUtilization.Percent:49.4|#Level:Host|#hostname:juanlEMD6R.vmware.com,timestamp:1676859880
2023-02-20T10:25:02,290 - Requests5XX.Count:1|#Level:Host|#hostname:juanlEMD6R.vmware.com,timestamp:1676859901
2023-02-20T10:25:02,290 - WorkerThreadTime.ms:4|#Level:Host|#hostname:juanlEMD6R.vmware.com,timestamp:1676859902
2023-02-20T10:25:16,113 - Requests4XX.Count:1|#Level:Host|#hostname:juanlEMD6R.vmware.com,timestamp:1676859901
2023-02-20T10:25:21,983 - Requests2XX.Count:1|#Level:Host|#hostname:juanlEMD6R.vmware.com,timestamp:1676859901
2023-02-20T10:25:29,902 - Requests5XX.Count:1|#Level:Host|#hostname:juanlEMD6R.vmware.com,timestamp:1676859901
2023-02-20T10:25:29,902 - WorkerThreadTime.ms:0|#Level:Host|#hostname:juanlEMD6R.vmware.com,timestamp:1676859929
2023-02-20T10:25:31,971 - Requests5XX.Count:1|#Level:Host|#hostname:juanlEMD6R.vmware.com,timestamp:1676859901
2023-02-20T10:25:31,971 - WorkerThreadTime.ms:1|#Level:Host|#hostname:juanlEMD6R.vmware.com,timestamp:1676859931
2023-02-20T10:25:40,033 - CPUUtilization.Percent:50.0|#Level:Host|#hostname:juanlEMD6R.vmware.com,timestamp:1676859940
2023-02-20T10:25:40,033 - DiskAvailable.Gigabytes:630.2787818908691|#Level:Host|#hostname:juanlEMD6R.vmware.com,timestamp:1676859940
2023-02-20T10:25:40,033 - DiskUsage.Gigabytes:23.694202423095703|#Level:Host|#hostname:juanlEMD6R.vmware.com,timestamp:1676859940
2023-02-20T10:25:40,033 - DiskUtilization.Percent:3.6|#Level:Host|#hostname:juanlEMD6R.vmware.com,timestamp:1676859940
2023-02-20T10:25:40,034 - MemoryAvailable.Megabytes:17690.515625|#Level:Host|#hostname:juanlEMD6R.vmware.com,timestamp:1676859940
2023-02-20T10:25:40,034 - MemoryUsed.Megabytes:12997.8828125|#Level:Host|#hostname:juanlEMD6R.vmware.com,timestamp:1676859940
2023-02-20T10:25:40,034 - MemoryUtilization.Percent:46.0|#Level:Host|#hostname:juanlEMD6R.vmware.com,timestamp:1676859940
2023-02-20T10:26:23,094 - Requests2XX.Count:1|#Level:Host|#hostname:juanlEMD6R.vmware.com,timestamp:1676859901
2023-02-20T10:26:23,094 - QueueTime.ms:0|#Level:Host|#hostname:juanlEMD6R.vmware.com,timestamp:1676859983
2023-02-20T10:26:23,094 - WorkerThreadTime.ms:3|#Level:Host|#hostname:juanlEMD6R.vmware.com,timestamp:1676859983
